<?xml version="1.0" encoding="UTF-8" ?>
<testsuite tests="6" failures="0" name="edu.pitt.cs.RedditCatsTest" time="117.64" errors="0" skipped="0">
  <properties>
[...]
</properties>
  <testcase classname="edu.pitt.cs.RedditCatsTest" name="fUNJOINBUTTONEXISTS" time="15.145"/>
  <testcase classname="edu.pitt.cs.RedditCatsTest" name="fUNRULES12ITEMS" time="44.781"/>
  <testcase classname="edu.pitt.cs.RedditCatsTest" name="fUNSORTBYCOMMENTS" time="21.368"/>
  <testcase classname="edu.pitt.cs.RedditCatsTest" name="fUNLOGINLINK" time="11.72"/>
  <testcase classname="edu.pitt.cs.RedditCatsTest" name="fUNRULE3" time="12.014"/>
  <testcase classname="edu.pitt.cs.RedditCatsTest" name="fUNTITLE" time="12.612"/>
</testsuite>